<?xml version="1.0" encoding="UTF-8"?>
<testsuite xmlns:xsi="http://www.w3.org/2001/XMLSchema-instance" xsi:noNamespaceSchemaLocation="https://maven.apache.org/surefire/maven-surefire-plugin/xsd/surefire-test-report-3.0.xsd" version="3.0" name="com.vidhu.asmnt.TestingAssementApplicationTests" time="10.292" tests="1" errors="0" skipped="0" failures="0">
  <properties>
[...]
</properties>
  <testcase name="contextLoads" classname="com.vidhu.asmnt.TestingAssementApplicationTests" time="3.175">
    <system-out><![CDATA[15:20:46.161 [main] INFO org.springframework.test.context.support.AnnotationConfigContextLoaderUtils -- Could not detect default configuration classes for test class [com.vidhu.asmnt.TestingAssementApplicationTests]: TestingAssementApplicationTests does not declare any static, non-private, non-final, nested classes annotated with @Configuration.
15:20:46.277 [main] INFO org.springframework.boot.test.context.SpringBootTestContextBootstrapper -- Found @SpringBootConfiguration com.vidhu.asmnt.TestingAssementApplication for test class com.vidhu.asmnt.TestingAssementApplicationTests

  .   ____          _            __ _ _
 /\\ / ___'_ __ _ _(_)_ __  __ _ \ \ \ \
( ( )\___ | '_ | '_| | '_ \/ _` | \ \ \ \
 \\/  ___)| |_)| | | | | || (_| |  ) ) ) )
  '  |____| .__|_| |_|_| |_\__, | / / / /
 =========|_|==============|___/=/_/_/_/

 :: Spring Boot ::                (v3.3.1)

2024-07-30T15:20:46.747+05:30  INFO 25504 --- [TestingAssement] [           main] c.v.a.TestingAssementApplicationTests    : Starting TestingAssementApplicationTests using Java 17.0.10 with PID 25504 (started by vidhusha.virumandi in C:\Users\vidhusha.virumandi\Documents\workspace-spring-tool-suite-4-4.21.1.RELEASE\TestingAssement)
2024-07-30T15:20:46.749+05:30  INFO 25504 --- [TestingAssement] [           main] c.v.a.TestingAssementApplicationTests    : No active profile set, falling back to 1 default profile: "default"
2024-07-30T15:20:47.461+05:30  INFO 25504 --- [TestingAssement] [           main] .s.d.r.c.RepositoryConfigurationDelegate : Bootstrapping Spring Data JPA repositories in DEFAULT mode.
2024-07-30T15:20:47.567+05:30  INFO 25504 --- [TestingAssement] [           main] .s.d.r.c.RepositoryConfigurationDelegate : Finished Spring Data repository scanning in 95 ms. Found 2 JPA repository interfaces.
2024-07-30T15:20:48.209+05:30  INFO 25504 --- [TestingAssement] [           main] o.hibernate.jpa.internal.util.LogHelper  : HHH000204: Processing PersistenceUnitInfo [name: default]
2024-07-30T15:20:48.341+05:30  INFO 25504 --- [TestingAssement] [           main] org.hibernate.Version                    : HHH000412: Hibernate ORM core version 6.5.2.Final
2024-07-30T15:20:48.396+05:30  INFO 25504 --- [TestingAssement] [           main] o.h.c.internal.RegionFactoryInitiator    : HHH000026: Second-level cache disabled
2024-07-30T15:20:49.166+05:30  INFO 25504 --- [TestingAssement] [           main] o.s.o.j.p.SpringPersistenceUnitInfo      : No LoadTimeWeaver setup: ignoring JPA class transformer
2024-07-30T15:20:49.205+05:30  INFO 25504 --- [TestingAssement] [           main] com.zaxxer.hikari.HikariDataSource       : HikariPool-1 - Starting...
2024-07-30T15:20:49.808+05:30  INFO 25504 --- [TestingAssement] [           main] com.zaxxer.hikari.pool.HikariPool        : HikariPool-1 - Added connection com.mysql.cj.jdbc.ConnectionImpl@6a2badb1
2024-07-30T15:20:49.812+05:30  INFO 25504 --- [TestingAssement] [           main] com.zaxxer.hikari.HikariDataSource       : HikariPool-1 - Start completed.
2024-07-30T15:20:51.328+05:30  INFO 25504 --- [TestingAssement] [           main] o.h.e.t.j.p.i.JtaPlatformInitiator       : HHH000489: No JTA platform available (set 'hibernate.transaction.jta.platform' to enable JTA platform integration)
2024-07-30T15:20:51.409+05:30  INFO 25504 --- [TestingAssement] [           main] j.LocalContainerEntityManagerFactoryBean : Initialized JPA EntityManagerFactory for persistence unit 'default'
2024-07-30T15:20:51.783+05:30  INFO 25504 --- [TestingAssement] [           main] o.s.d.j.r.query.QueryEnhancerFactory     : Hibernate is in classpath; If applicable, HQL parser will be used.
2024-07-30T15:20:52.469+05:30  WARN 25504 --- [TestingAssement] [           main] JpaBaseConfiguration$JpaWebConfiguration : spring.jpa.open-in-view is enabled by default. Therefore, database queries may be performed during view rendering. Explicitly configure spring.jpa.open-in-view to disable this warning
2024-07-30T15:20:52.998+05:30  INFO 25504 --- [TestingAssement] [           main] c.v.a.TestingAssementApplicationTests    : Started TestingAssementApplicationTests in 6.542 seconds (process running for 9.372)
]]></system-out>
  </testcase>
</testsuite>